omniverify project/app/build/intermediates/manifest_merge_blame_file/release/processReleaseMainManifest/manifest-merger-blame-release-report.txt
1<?xml version="1.0" encoding="utf-8"?>
2<manifest xmlns:android="http://schemas.android.com/apk/res/android"
3    package="com.omniverify"
4    android:versionCode="1"
5    android:versionName="1.0" >
6
7    <uses-sdk
7-->INJECTED
8        android:minSdkVersion="26"
8-->INJECTED
9        android:targetSdkVersion="36" />
9-->INJECTED
10
11    <uses-permission android:name="android.permission.INTERNET" />
11-->src\main\AndroidManifest.xml:5:5-67
11-->src\main\AndroidManifest.xml:5:22-64
12    <uses-permission android:name="android.permission.ACCESS_NETWORK_STATE" />
12-->src\main\AndroidManifest.xml:6:5-79
12-->src\main\AndroidManifest.xml:6:22-76
13    <uses-permission android:name="android.permission.SYSTEM_ALERT_WINDOW" />
13-->src\main\AndroidManifest.xml:7:5-78
13-->src\main\AndroidManifest.xml:7:22-75
14    <uses-permission android:name="android.permission.FOREGROUND_SERVICE" />
14-->src\main\AndroidManifest.xml:8:5-77
14-->src\main\AndroidManifest.xml:8:22-74
15    <uses-permission android:name="android.permission.FOREGROUND_SERVICE_MEDIA_PROJECTION" />
15-->src\main\AndroidManifest.xml:9:5-94
15-->src\main\AndroidManifest.xml:9:22-91
16    <uses-permission android:name="android.permission.CAMERA" />
16-->src\main\AndroidManifest.xml:10:5-65
16-->src\main\AndroidManifest.xml:10:22-62
17    <uses-permission
17-->src\main\AndroidManifest.xml:11:5-107
18        android:name="android.permission.READ_EXTERNAL_STORAGE"
18-->src\main\AndroidManifest.xml:11:22-77
19        android:maxSdkVersion="32" />
19-->src\main\AndroidManifest.xml:11:78-104
20    <uses-permission android:name="android.permission.READ_MEDIA_IMAGES" />
20-->src\main\AndroidManifest.xml:12:5-76
20-->src\main\AndroidManifest.xml:12:22-73
21
22    <permission
22-->[androidx.core:core:1.18.0] AndroidManifest.xml:22:5-24:47
23        android:name="com.omniverify.DYNAMIC_RECEIVER_NOT_EXPORTED_PERMISSION"
23-->[androidx.core:core:1.18.0] AndroidManifest.xml:23:9-81
24        android:protectionLevel="signature" />
24-->[androidx.core:core:1.18.0] AndroidManifest.xml:24:9-44
25
26    <uses-permission android:name="com.omniverify.DYNAMIC_RECEIVER_NOT_EXPORTED_PERMISSION" />
26-->[androidx.core:core:1.18.0] AndroidManifest.xml:26:5-97
26-->[androidx.core:core:1.18.0] AndroidManifest.xml:26:22-94
27
28    <application
28-->src\main\AndroidManifest.xml:14:5-62:19
29        android:allowBackup="true"
29-->src\main\AndroidManifest.xml:15:9-35
30        android:appComponentFactory="androidx.core.app.CoreComponentFactory"
30-->[androidx.core:core:1.18.0] AndroidManifest.xml:28:18-86
31        android:dataExtractionRules="@xml/data_extraction_rules"
31-->src\main\AndroidManifest.xml:16:9-65
32        android:extractNativeLibs="false"
32-->INJECTED
33        android:fullBackupContent="@xml/backup_rules"
33-->src\main\AndroidManifest.xml:17:9-54
34        android:icon="@mipmap/ic_launcher"
34-->src\main\AndroidManifest.xml:18:9-43
35        android:label="@string/app_name"
35-->src\main\AndroidManifest.xml:19:9-41
36        android:largeHeap="true"
36-->src\main\AndroidManifest.xml:23:9-33
37        android:roundIcon="@mipmap/ic_launcher_round"
37-->src\main\AndroidManifest.xml:20:9-54
38        android:supportsRtl="true"
38-->src\main\AndroidManifest.xml:21:9-35
39        android:theme="@style/Theme.Omniverify"
39-->src\main\AndroidManifest.xml:22:9-48
40        android:usesCleartextTraffic="false" >
40-->src\main\AndroidManifest.xml:24:9-45
41        <provider
41-->INJECTED
42            android:name="androidx.core.content.FileProvider"
42-->src\main\AndroidManifest.xml:27:13-62
43            android:authorities="com.omniverify.fileprovider"
43-->INJECTED
44            android:exported="false"
44-->src\main\AndroidManifest.xml:29:13-37
45            android:grantUriPermissions="true" >
45-->src\main\AndroidManifest.xml:30:13-47
46            <meta-data
46-->src\main\AndroidManifest.xml:31:13-33:54
47                android:name="android.support.FILE_PROVIDER_PATHS"
47-->src\main\AndroidManifest.xml:32:17-67
48                android:resource="@xml/file_paths" />
48-->src\main\AndroidManifest.xml:33:17-51
49        </provider>
50
51        <service
51-->src\main\AndroidManifest.xml:36:9-40:63
52            android:name="com.omniverify.FloatingAssistantService"
52-->src\main\AndroidManifest.xml:37:13-53
53            android:enabled="true"
53-->src\main\AndroidManifest.xml:38:13-35
54            android:exported="false"
54-->src\main\AndroidManifest.xml:39:13-37
55            android:foregroundServiceType="mediaProjection" />
55-->src\main\AndroidManifest.xml:40:13-60
56
57        <activity
57-->src\main\AndroidManifest.xml:42:9-49:20
58            android:name="com.omniverify.MainActivity"
58-->src\main\AndroidManifest.xml:43:13-41
59            android:exported="true" >
59-->src\main\AndroidManifest.xml:44:13-36
60            <intent-filter>
60-->src\main\AndroidManifest.xml:45:13-48:29
61                <action android:name="android.intent.action.MAIN" />
61-->src\main\AndroidManifest.xml:46:17-69
61-->src\main\AndroidManifest.xml:46:25-66
62
63                <category android:name="android.intent.category.LAUNCHER" />
63-->src\main\AndroidManifest.xml:47:17-77
63-->src\main\AndroidManifest.xml:47:27-74
64            </intent-filter>
65        </activity>
66        <activity
66-->src\main\AndroidManifest.xml:51:9-53:55
67            android:name="com.omniverify.ResultActivity"
67-->src\main\AndroidManifest.xml:52:13-43
68            android:theme="@style/Theme.Omniverify" />
68-->src\main\AndroidManifest.xml:53:13-52
69        <activity
69-->src\main\AndroidManifest.xml:55:9-57:55
70            android:name="com.omniverify.MultimediaActivity"
70-->src\main\AndroidManifest.xml:56:13-47
71            android:theme="@style/Theme.Omniverify" />
71-->src\main\AndroidManifest.xml:57:13-52
72        <activity
72-->src\main\AndroidManifest.xml:59:9-61:55
73            android:name="com.omniverify.ScannerActivity"
73-->src\main\AndroidManifest.xml:60:13-44
74            android:theme="@style/Theme.Omniverify" />
74-->src\main\AndroidManifest.xml:61:13-52
75
76        <service
76-->[com.google.android.gms:play-services-mlkit-barcode-scanning:18.3.1] AndroidManifest.xml:9:9-15:19
77            android:name="com.google.mlkit.common.internal.MlKitComponentDiscoveryService"
77-->[com.google.android.gms:play-services-mlkit-barcode-scanning:18.3.1] AndroidManifest.xml:10:13-91
78            android:directBootAware="true"
78-->[com.google.mlkit:common:18.11.0] AndroidManifest.xml:17:13-43
79            android:exported="false" >
79-->[com.google.android.gms:play-services-mlkit-barcode-scanning:18.3.1] AndroidManifest.xml:11:13-37
80            <meta-data
80-->[com.google.android.gms:play-services-mlkit-barcode-scanning:18.3.1] AndroidManifest.xml:12:13-14:85
81                android:name="com.google.firebase.components:com.google.mlkit.vision.barcode.internal.BarcodeRegistrar"
81-->[com.google.android.gms:play-services-mlkit-barcode-scanning:18.3.1] AndroidManifest.xml:13:17-120
82                android:value="com.google.firebase.components.ComponentRegistrar" />
82-->[com.google.android.gms:play-services-mlkit-barcode-scanning:18.3.1] AndroidManifest.xml:14:17-82
83            <meta-data
83-->[com.google.mlkit:vision-common:17.3.0] AndroidManifest.xml:12:13-14:85
84                android:name="com.google.firebase.components:com.google.mlkit.vision.common.internal.VisionCommonRegistrar"
84-->[com.google.mlkit:vision-common:17.3.0] AndroidManifest.xml:13:17-124
85                android:value="com.google.firebase.components.ComponentRegistrar" />
85-->[com.google.mlkit:vision-common:17.3.0] AndroidManifest.xml:14:17-82
86            <meta-data
86-->[com.google.mlkit:common:18.11.0] AndroidManifest.xml:20:13-22:85
87                android:name="com.google.firebase.components:com.google.mlkit.common.internal.CommonComponentRegistrar"
87-->[com.google.mlkit:common:18.11.0] AndroidManifest.xml:21:17-120
88                android:value="com.google.firebase.components.ComponentRegistrar" />
88-->[com.google.mlkit:common:18.11.0] AndroidManifest.xml:22:17-82
89        </service>
90
91        <provider
91-->[com.google.mlkit:common:18.11.0] AndroidManifest.xml:9:9-13:38
92            android:name="com.google.mlkit.common.internal.MlKitInitProvider"
92-->[com.google.mlkit:common:18.11.0] AndroidManifest.xml:10:13-78
93            android:authorities="com.omniverify.mlkitinitprovider"
93-->[com.google.mlkit:common:18.11.0] AndroidManifest.xml:11:13-69
94            android:exported="false"
94-->[com.google.mlkit:common:18.11.0] AndroidManifest.xml:12:13-37
95            android:initOrder="99" />
95-->[com.google.mlkit:common:18.11.0] AndroidManifest.xml:13:13-35
96
97        <activity
97-->[com.google.android.gms:play-services-base:18.5.0] AndroidManifest.xml:5:9-173
98            android:name="com.google.android.gms.common.api.GoogleApiActivity"
98-->[com.google.android.gms:play-services-base:18.5.0] AndroidManifest.xml:5:19-85
99            android:exported="false"
99-->[com.google.android.gms:play-services-base:18.5.0] AndroidManifest.xml:5:146-170
100            android:theme="@android:style/Theme.Translucent.NoTitleBar" />
100-->[com.google.android.gms:play-services-base:18.5.0] AndroidManifest.xml:5:86-145
101
102        <meta-data
102-->[com.google.android.gms:play-services-basement:18.4.0] AndroidManifest.xml:6:9-122
103            android:name="com.google.android.gms.version"
103-->[com.google.android.gms:play-services-basement:18.4.0] AndroidManifest.xml:6:20-65
104            android:value="@integer/google_play_services_version" />
104-->[com.google.android.gms:play-services-basement:18.4.0] AndroidManifest.xml:6:66-119
105
106        <provider
106-->[androidx.emoji2:emoji2:1.3.0] AndroidManifest.xml:24:9-32:20
107            android:name="androidx.startup.InitializationProvider"
107-->[androidx.emoji2:emoji2:1.3.0] AndroidManifest.xml:25:13-67
108            android:authorities="com.omniverify.androidx-startup"
108-->[androidx.emoji2:emoji2:1.3.0] AndroidManifest.xml:26:13-68
109            android:exported="false" >
109-->[androidx.emoji2:emoji2:1.3.0] AndroidManifest.xml:27:13-37
110            <meta-data
110-->[androidx.emoji2:emoji2:1.3.0] AndroidManifest.xml:29:13-31:52
111                android:name="androidx.emoji2.text.EmojiCompatInitializer"
111-->[androidx.emoji2:emoji2:1.3.0] AndroidManifest.xml:30:17-75
112                android:value="androidx.startup" />
112-->[androidx.emoji2:emoji2:1.3.0] AndroidManifest.xml:31:17-49
113            <meta-data
113-->[androidx.lifecycle:lifecycle-process:2.6.2] AndroidManifest.xml:29:13-31:52
114                android:name="androidx.lifecycle.ProcessLifecycleInitializer"
114-->[androidx.lifecycle:lifecycle-process:2.6.2] AndroidManifest.xml:30:17-78
115                android:value="androidx.startup" />
115-->[androidx.lifecycle:lifecycle-process:2.6.2] AndroidManifest.xml:31:17-49
116            <meta-data
116-->[androidx.profileinstaller:profileinstaller:1.4.0] AndroidManifest.xml:29:13-31:52
117                android:name="androidx.profileinstaller.ProfileInstallerInitializer"
117-->[androidx.profileinstaller:profileinstaller:1.4.0] AndroidManifest.xml:30:17-85
118                android:value="androidx.startup" />
118-->[androidx.profileinstaller:profileinstaller:1.4.0] AndroidManifest.xml:31:17-49
119        </provider>
120
121        <service
121-->[androidx.room:room-runtime-android:2.8.4] AndroidManifest.xml:24:9-28:63
122            android:name="androidx.room.MultiInstanceInvalidationService"
122-->[androidx.room:room-runtime-android:2.8.4] AndroidManifest.xml:25:13-74
123            android:directBootAware="true"
123-->[androidx.room:room-runtime-android:2.8.4] AndroidManifest.xml:26:13-43
124            android:exported="false" />
124-->[androidx.room:room-runtime-android:2.8.4] AndroidManifest.xml:27:13-37
125
126        <receiver
126-->[androidx.profileinstaller:profileinstaller:1.4.0] AndroidManifest.xml:34:9-52:20
127            android:name="androidx.profileinstaller.ProfileInstallReceiver"
127-->[androidx.profileinstaller:profileinstaller:1.4.0] AndroidManifest.xml:35:13-76
128            android:directBootAware="false"
128-->[androidx.profileinstaller:profileinstaller:1.4.0] AndroidManifest.xml:36:13-44
129            android:enabled="true"
129-->[androidx.profileinstaller:profileinstaller:1.4.0] AndroidManifest.xml:37:13-35
130            android:exported="true"
130-->[androidx.profileinstaller:profileinstaller:1.4.0] AndroidManifest.xml:38:13-36
131            android:permission="android.permission.DUMP" >
131-->[androidx.profileinstaller:profileinstaller:1.4.0] AndroidManifest.xml:39:13-57
132            <intent-filter>
132-->[androidx.profileinstaller:profileinstaller:1.4.0] AndroidManifest.xml:40:13-42:29
133                <action android:name="androidx.profileinstaller.action.INSTALL_PROFILE" />
133-->[androidx.profileinstaller:profileinstaller:1.4.0] AndroidManifest.xml:41:17-91
133-->[androidx.profileinstaller:profileinstaller:1.4.0] AndroidManifest.xml:41:25-88
134            </intent-filter>
135            <intent-filter>
135-->[androidx.profileinstaller:profileinstaller:1.4.0] AndroidManifest.xml:43:13-45:29
136                <action android:name="androidx.profileinstaller.action.SKIP_FILE" />
136-->[androidx.profileinstaller:profileinstaller:1.4.0] AndroidManifest.xml:44:17-85
136-->[androidx.profileinstaller:profileinstaller:1.4.0] AndroidManifest.xml:44:25-82
137            </intent-filter>
138            <intent-filter>
138-->[androidx.profileinstaller:profileinstaller:1.4.0] AndroidManifest.xml:46:13-48:29
139                <action android:name="androidx.profileinstaller.action.SAVE_PROFILE" />
139-->[androidx.profileinstaller:profileinstaller:1.4.0] AndroidManifest.xml:47:17-88
139-->[androidx.profileinstaller:profileinstaller:1.4.0] AndroidManifest.xml:47:25-85
140            </intent-filter>
141            <intent-filter>
141-->[androidx.profileinstaller:profileinstaller:1.4.0] AndroidManifest.xml:49:13-51:29
142                <action android:name="androidx.profileinstaller.action.BENCHMARK_OPERATION" />
142-->[androidx.profileinstaller:profileinstaller:1.4.0] AndroidManifest.xml:50:17-95
142-->[androidx.profileinstaller:profileinstaller:1.4.0] AndroidManifest.xml:50:25-92
143            </intent-filter>
144        </receiver>
145
146        <service
146-->[com.google.android.datatransport:transport-backend-cct:2.3.3] AndroidManifest.xml:29:9-35:19
147            android:name="com.google.android.datatransport.runtime.backends.TransportBackendDiscovery"
147-->[com.google.android.datatransport:transport-backend-cct:2.3.3] AndroidManifest.xml:30:13-103
148            android:exported="false" >
148-->[com.google.android.datatransport:transport-backend-cct:2.3.3] AndroidManifest.xml:31:13-37
149            <meta-data
149-->[com.google.android.datatransport:transport-backend-cct:2.3.3] AndroidManifest.xml:32:13-34:39
150                android:name="backend:com.google.android.datatransport.cct.CctBackendFactory"
150-->[com.google.android.datatransport:transport-backend-cct:2.3.3] AndroidManifest.xml:33:17-94
151                android:value="cct" />
151-->[com.google.android.datatransport:transport-backend-cct:2.3.3] AndroidManifest.xml:34:17-36
152        </service>
153        <service
153-->[com.google.android.datatransport:transport-runtime:2.2.6] AndroidManifest.xml:26:9-30:19
154            android:name="com.google.android.datatransport.runtime.scheduling.jobscheduling.JobInfoSchedulerService"
154-->[com.google.android.datatransport:transport-runtime:2.2.6] AndroidManifest.xml:27:13-117
155            android:exported="false"
155-->[com.google.android.datatransport:transport-runtime:2.2.6] AndroidManifest.xml:28:13-37
156            android:permission="android.permission.BIND_JOB_SERVICE" >
156-->[com.google.android.datatransport:transport-runtime:2.2.6] AndroidManifest.xml:29:13-69
157        </service>
158
159        <receiver
159-->[com.google.android.datatransport:transport-runtime:2.2.6] AndroidManifest.xml:32:9-34:40
160            android:name="com.google.android.datatransport.runtime.scheduling.jobscheduling.AlarmManagerSchedulerBroadcastReceiver"
160-->[com.google.android.datatransport:transport-runtime:2.2.6] AndroidManifest.xml:33:13-132
161            android:exported="false" />
161-->[com.google.android.datatransport:transport-runtime:2.2.6] AndroidManifest.xml:34:13-37
162    </application>
163
164</manifest>